[ 2015-06-09T16:07:18+08:00 ] 0.0.0.0 /cloude/index.php/Admin/Permission/check
INFO: [ route_check ] --START--
INFO: CheckRoute Behavior ::run [ RunTime:0.009138s ]
INFO: [ route_check ] --END-- [ RunTime:0.009924s ]
NOTIC: [8192] preg_replace(): The /e modifier is deprecated, use preg_replace_callback instead C:\wamp\www\cloude\ThinkPHP\Lib\Core\Dispatcher.class.php 第 132 行.
INFO: [ app_begin ] --START--
INFO: ReadHtmlCache Behavior ::run [ RunTime:0.003308s ]
INFO: [ app_begin ] --END-- [ RunTime:0.003753s ]
NOTIC: [8192] mysql_connect(): The mysql extension is deprecated and will be removed in the future: use mysqli or PDO instead C:\wamp\www\cloude\ThinkPHP\Lib\Driver\Db\DbMysql.class.php 第 55 行.
SQL: SHOW COLUMNS FROM `login` [ RunTime:0.016533s ]
NOTIC: [8192] preg_replace(): The /e modifier is deprecated, use preg_replace_callback instead C:\wamp\www\cloude\ThinkPHP\Lib\Core\Db.class.php 第 605 行.
SQL: SELECT * FROM `login` WHERE ( `id` = 3 )  [ RunTime:0.000964s ]
NOTIC: [8] Undefined index: Permission C:\wamp\www\cloude\Index\Lib\Action\Admin\PermissionAction.class.php 第 7 行.
NOTIC: [2] implode(): Invalid arguments passed C:\wamp\www\cloude\Index\Lib\Action\Admin\PermissionAction.class.php 第 7 行.

[ 2015-06-09T16:07:52+08:00 ] 0.0.0.0 /cloude/index.php/Admin/Permission/check
INFO: [ route_check ] --START--
INFO: CheckRoute Behavior ::run [ RunTime:0.005202s ]
INFO: [ route_check ] --END-- [ RunTime:0.005989s ]
NOTIC: [8192] preg_replace(): The /e modifier is deprecated, use preg_replace_callback instead C:\wamp\www\cloude\ThinkPHP\Lib\Core\Dispatcher.class.php 第 132 行.
INFO: [ app_begin ] --START--
INFO: ReadHtmlCache Behavior ::run [ RunTime:0.005399s ]
INFO: [ app_begin ] --END-- [ RunTime:0.006129s ]
NOTIC: [8192] mysql_connect(): The mysql extension is deprecated and will be removed in the future: use mysqli or PDO instead C:\wamp\www\cloude\ThinkPHP\Lib\Driver\Db\DbMysql.class.php 第 55 行.
SQL: SHOW COLUMNS FROM `login` [ RunTime:0.017016s ]
NOTIC: [8192] preg_replace(): The /e modifier is deprecated, use preg_replace_callback instead C:\wamp\www\cloude\ThinkPHP\Lib\Core\Db.class.php 第 605 行.
SQL: SELECT * FROM `login` WHERE ( `id` = 3 )  [ RunTime:0.001378s ]
NOTIC: [8] Undefined index: Permission C:\wamp\www\cloude\Index\Lib\Action\Admin\PermissionAction.class.php 第 7 行.
NOTIC: [2] implode(): Invalid arguments passed C:\wamp\www\cloude\Index\Lib\Action\Admin\PermissionAction.class.php 第 7 行.

[ 2015-06-09T16:07:53+08:00 ] 0.0.0.0 /cloude/index.php/Admin/Permission/check
INFO: [ route_check ] --START--
INFO: CheckRoute Behavior ::run [ RunTime:0.004789s ]
INFO: [ route_check ] --END-- [ RunTime:0.005414s ]
NOTIC: [8192] preg_replace(): The /e modifier is deprecated, use preg_replace_callback instead C:\wamp\www\cloude\ThinkPHP\Lib\Core\Dispatcher.class.php 第 132 行.
INFO: [ app_begin ] --START--
INFO: ReadHtmlCache Behavior ::run [ RunTime:0.003816s ]
INFO: [ app_begin ] --END-- [ RunTime:0.004538s ]
NOTIC: [8192] mysql_connect(): The mysql extension is deprecated and will be removed in the future: use mysqli or PDO instead C:\wamp\www\cloude\ThinkPHP\Lib\Driver\Db\DbMysql.class.php 第 55 行.
SQL: SHOW COLUMNS FROM `login` [ RunTime:0.015172s ]
NOTIC: [8192] preg_replace(): The /e modifier is deprecated, use preg_replace_callback instead C:\wamp\www\cloude\ThinkPHP\Lib\Core\Db.class.php 第 605 行.
SQL: SELECT * FROM `login` WHERE ( `id` = 3 )  [ RunTime:0.001173s ]
NOTIC: [8] Undefined index: Permission C:\wamp\www\cloude\Index\Lib\Action\Admin\PermissionAction.class.php 第 7 行.
NOTIC: [2] implode(): Invalid arguments passed C:\wamp\www\cloude\Index\Lib\Action\Admin\PermissionAction.class.php 第 7 行.

[ 2015-06-09T16:07:54+08:00 ] 0.0.0.0 /cloude/index.php/Admin/Permission/check
INFO: [ route_check ] --START--
INFO: CheckRoute Behavior ::run [ RunTime:0.005025s ]
INFO: [ route_check ] --END-- [ RunTime:0.005639s ]
NOTIC: [8192] preg_replace(): The /e modifier is deprecated, use preg_replace_callback instead C:\wamp\www\cloude\ThinkPHP\Lib\Core\Dispatcher.class.php 第 132 行.
INFO: [ app_begin ] --START--
INFO: ReadHtmlCache Behavior ::run [ RunTime:0.004715s ]
INFO: [ app_begin ] --END-- [ RunTime:0.005725s ]
NOTIC: [8192] mysql_connect(): The mysql extension is deprecated and will be removed in the future: use mysqli or PDO instead C:\wamp\www\cloude\ThinkPHP\Lib\Driver\Db\DbMysql.class.php 第 55 行.
SQL: SHOW COLUMNS FROM `login` [ RunTime:0.014960s ]
NOTIC: [8192] preg_replace(): The /e modifier is deprecated, use preg_replace_callback instead C:\wamp\www\cloude\ThinkPHP\Lib\Core\Db.class.php 第 605 行.
SQL: SELECT * FROM `login` WHERE ( `id` = 3 )  [ RunTime:0.000959s ]
NOTIC: [8] Undefined index: Permission C:\wamp\www\cloude\Index\Lib\Action\Admin\PermissionAction.class.php 第 7 行.
NOTIC: [2] implode(): Invalid arguments passed C:\wamp\www\cloude\Index\Lib\Action\Admin\PermissionAction.class.php 第 7 行.

[ 2015-06-09T16:07:57+08:00 ] 0.0.0.0 /cloude/index.php/Admin/Permission/check
INFO: [ route_check ] --START--
INFO: CheckRoute Behavior ::run [ RunTime:0.006223s ]
INFO: [ route_check ] --END-- [ RunTime:0.007311s ]
NOTIC: [8192] preg_replace(): The /e modifier is deprecated, use preg_replace_callback instead C:\wamp\www\cloude\ThinkPHP\Lib\Core\Dispatcher.class.php 第 132 行.
INFO: [ app_begin ] --START--
INFO: ReadHtmlCache Behavior ::run [ RunTime:0.005399s ]
INFO: [ app_begin ] --END-- [ RunTime:0.005889s ]
NOTIC: [8192] mysql_connect(): The mysql extension is deprecated and will be removed in the future: use mysqli or PDO instead C:\wamp\www\cloude\ThinkPHP\Lib\Driver\Db\DbMysql.class.php 第 55 行.
SQL: SHOW COLUMNS FROM `login` [ RunTime:0.017438s ]
NOTIC: [8192] preg_replace(): The /e modifier is deprecated, use preg_replace_callback instead C:\wamp\www\cloude\ThinkPHP\Lib\Core\Db.class.php 第 605 行.
SQL: SELECT * FROM `login` WHERE ( `id` = 3 )  [ RunTime:0.001060s ]
NOTIC: [8] Undefined index: Permission C:\wamp\www\cloude\Index\Lib\Action\Admin\PermissionAction.class.php 第 7 行.
NOTIC: [2] implode(): Invalid arguments passed C:\wamp\www\cloude\Index\Lib\Action\Admin\PermissionAction.class.php 第 7 行.

